20:30:59 - numexpr.utils - INFO - NumExpr defaulting to 8 threads.
20:30:59 - assistantbot.logs - INFO - Bot started
20:31:00 - httpx - INFO - HTTP Request: POST https://api.telegram.org/bot6159836658:AAGLC8bE7FoKfH9Esrs-a6YIvrJTxGDzxC4/getMe "HTTP/1.1 200 OK"
20:31:00 - httpx - INFO - HTTP Request: POST https://api.telegram.org/bot6159836658:AAGLC8bE7FoKfH9Esrs-a6YIvrJTxGDzxC4/deleteWebhook "HTTP/1.1 200 OK"
20:31:00 - telegram.ext.Application - INFO - Application started
20:31:11 - httpx - INFO - HTTP Request: POST https://api.telegram.org/bot6159836658:AAGLC8bE7FoKfH9Esrs-a6YIvrJTxGDzxC4/getUpdates "HTTP/1.1 200 OK"
20:31:13 - httpx - INFO - HTTP Request: POST https://api.telegram.org/bot6159836658:AAGLC8bE7FoKfH9Esrs-a6YIvrJTxGDzxC4/getUpdates "HTTP/1.1 200 OK"
20:31:14 - httpx - INFO - HTTP Request: POST https://api.telegram.org/bot6159836658:AAGLC8bE7FoKfH9Esrs-a6YIvrJTxGDzxC4/sendChatAction "HTTP/1.1 200 OK"
20:31:20 - httpx - INFO - HTTP Request: POST https://api.telegram.org/bot6159836658:AAGLC8bE7FoKfH9Esrs-a6YIvrJTxGDzxC4/sendMessage "HTTP/1.1 200 OK"
20:31:24 - httpx - INFO - HTTP Request: POST https://api.telegram.org/bot6159836658:AAGLC8bE7FoKfH9Esrs-a6YIvrJTxGDzxC4/getUpdates "HTTP/1.1 200 OK"
20:31:24 - telegram.ext.Application - INFO - Application is stopping. This might take a moment.
20:31:24 - telegram.ext.Application - INFO - Application.stop() complete
20:36:12 - numexpr.utils - INFO - NumExpr defaulting to 8 threads.
20:36:12 - assistantbot.configuration_logs - INFO - Bot started
20:36:12 - httpx - INFO - HTTP Request: POST https://api.telegram.org/bot6159836658:AAGLC8bE7FoKfH9Esrs-a6YIvrJTxGDzxC4/getMe "HTTP/1.1 200 OK"
20:36:13 - httpx - INFO - HTTP Request: POST https://api.telegram.org/bot6159836658:AAGLC8bE7FoKfH9Esrs-a6YIvrJTxGDzxC4/deleteWebhook "HTTP/1.1 200 OK"
20:36:13 - telegram.ext.Application - INFO - Application started
20:36:16 - httpx - INFO - HTTP Request: POST https://api.telegram.org/bot6159836658:AAGLC8bE7FoKfH9Esrs-a6YIvrJTxGDzxC4/getUpdates "HTTP/1.1 200 OK"
20:36:16 - httpx - INFO - HTTP Request: POST https://api.telegram.org/bot6159836658:AAGLC8bE7FoKfH9Esrs-a6YIvrJTxGDzxC4/sendChatAction "HTTP/1.1 200 OK"
20:36:18 - httpx - INFO - HTTP Request: POST https://api.telegram.org/bot6159836658:AAGLC8bE7FoKfH9Esrs-a6YIvrJTxGDzxC4/sendMessage "HTTP/1.1 200 OK"
20:36:24 - httpx - INFO - HTTP Request: POST https://api.telegram.org/bot6159836658:AAGLC8bE7FoKfH9Esrs-a6YIvrJTxGDzxC4/getUpdates "HTTP/1.1 200 OK"
20:36:25 - httpx - INFO - HTTP Request: POST https://api.telegram.org/bot6159836658:AAGLC8bE7FoKfH9Esrs-a6YIvrJTxGDzxC4/sendChatAction "HTTP/1.1 200 OK"
20:36:27 - httpx - INFO - HTTP Request: POST https://api.telegram.org/bot6159836658:AAGLC8bE7FoKfH9Esrs-a6YIvrJTxGDzxC4/sendMessage "HTTP/1.1 200 OK"
20:36:34 - httpx - INFO - HTTP Request: POST https://api.telegram.org/bot6159836658:AAGLC8bE7FoKfH9Esrs-a6YIvrJTxGDzxC4/getUpdates "HTTP/1.1 200 OK"
20:36:34 - httpx - INFO - HTTP Request: POST https://api.telegram.org/bot6159836658:AAGLC8bE7FoKfH9Esrs-a6YIvrJTxGDzxC4/sendChatAction "HTTP/1.1 200 OK"
20:36:35 - httpx - INFO - HTTP Request: POST https://api.telegram.org/bot6159836658:AAGLC8bE7FoKfH9Esrs-a6YIvrJTxGDzxC4/sendMessage "HTTP/1.1 200 OK"
20:36:42 - httpx - INFO - HTTP Request: POST https://api.telegram.org/bot6159836658:AAGLC8bE7FoKfH9Esrs-a6YIvrJTxGDzxC4/getUpdates "HTTP/1.1 200 OK"
20:36:42 - httpx - INFO - HTTP Request: POST https://api.telegram.org/bot6159836658:AAGLC8bE7FoKfH9Esrs-a6YIvrJTxGDzxC4/sendChatAction "HTTP/1.1 200 OK"
20:36:43 - httpx - INFO - HTTP Request: POST https://api.telegram.org/bot6159836658:AAGLC8bE7FoKfH9Esrs-a6YIvrJTxGDzxC4/sendMessage "HTTP/1.1 200 OK"
20:36:52 - httpx - INFO - HTTP Request: POST https://api.telegram.org/bot6159836658:AAGLC8bE7FoKfH9Esrs-a6YIvrJTxGDzxC4/getUpdates "HTTP/1.1 200 OK"
20:37:02 - httpx - INFO - HTTP Request: POST https://api.telegram.org/bot6159836658:AAGLC8bE7FoKfH9Esrs-a6YIvrJTxGDzxC4/getUpdates "HTTP/1.1 200 OK"
20:37:11 - httpx - INFO - HTTP Request: POST https://api.telegram.org/bot6159836658:AAGLC8bE7FoKfH9Esrs-a6YIvrJTxGDzxC4/getUpdates "HTTP/1.1 200 OK"
20:37:12 - httpx - INFO - HTTP Request: POST https://api.telegram.org/bot6159836658:AAGLC8bE7FoKfH9Esrs-a6YIvrJTxGDzxC4/sendChatAction "HTTP/1.1 200 OK"
20:37:14 - httpx - INFO - HTTP Request: POST https://api.telegram.org/bot6159836658:AAGLC8bE7FoKfH9Esrs-a6YIvrJTxGDzxC4/sendMessage "HTTP/1.1 200 OK"
20:37:21 - httpx - INFO - HTTP Request: POST https://api.telegram.org/bot6159836658:AAGLC8bE7FoKfH9Esrs-a6YIvrJTxGDzxC4/getUpdates "HTTP/1.1 200 OK"
20:37:23 - telegram.ext.Application - INFO - Application is stopping. This might take a moment.
20:37:23 - telegram.ext.Application - INFO - Application.stop() complete
